<?xml version="1.0" encoding="UTF-8"?>
<!-- Generated by org.testng.reporters.JUnitReportReporter -->
<testsuite ignored="0" hostname="SHIVANVENKI" failures="0" tests="1" name="com.full.workflow.NewTest" time="15.151" errors="0" timestamp="11 Sep 2018 19:01:10 GMT" skipped="0">
  <testcase classname="com.full.workflow.NewTest" name="launchBrowser" time="15.151"/>
</testsuite> <!-- com.full.workflow.NewTest -->
