<?xml version="1.0" encoding="UTF-8"?>
<!-- Generated by org.testng.reporters.JUnitReportReporter -->
<testsuite ignored="0" hostname="SHIVANVENKI" failures="0" tests="1" name="com.full.workflow.WebConsole" time="28.272" errors="0" timestamp="24 Sep 2018 17:12:47 GMT" skipped="0">
  <testcase classname="com.full.workflow.WebConsole" name="launchBrowser" time="28.272"/>
</testsuite> <!-- com.full.workflow.WebConsole -->
